2017-06-17 00:16:49  [ main:0 ] - [ ERROR ]  号
2017-06-17 00:16:49  [ main:4 ] - [ ERROR ]  单
2017-06-17 00:16:49  [ main:4 ] - [ ERROR ]  元
2017-06-17 00:16:49  [ main:4 ] - [ ERROR ]  楼
2017-06-17 00:24:57  [ Thread-0:0 ] - [ ERROR ]  号
2017-06-17 00:24:57  [ Thread-0:1 ] - [ ERROR ]  单
2017-06-17 00:24:57  [ Thread-0:1 ] - [ ERROR ]  元
2017-06-17 00:24:57  [ Thread-0:2 ] - [ ERROR ]  楼
2017-06-17 00:27:42  [ Thread-0:0 ] - [ ERROR ]  号
2017-06-17 00:27:42  [ Thread-0:1 ] - [ ERROR ]  单
2017-06-17 00:27:42  [ Thread-0:2 ] - [ ERROR ]  元
2017-06-17 00:27:42  [ Thread-0:2 ] - [ ERROR ]  楼
2017-06-17 00:32:10  [ Thread-0:0 ] - [ ERROR ]  号
2017-06-17 00:32:10  [ Thread-0:2 ] - [ ERROR ]  单
2017-06-17 00:32:10  [ Thread-0:2 ] - [ ERROR ]  元
2017-06-17 00:32:10  [ Thread-0:3 ] - [ ERROR ]  楼
2017-06-17 00:38:04  [ Thread-0:0 ] - [ ERROR ]  号
2017-06-17 00:38:04  [ Thread-0:2 ] - [ ERROR ]  单
2017-06-17 00:38:04  [ Thread-0:2 ] - [ ERROR ]  元
2017-06-17 00:38:04  [ Thread-0:2 ] - [ ERROR ]  楼
2017-06-17 00:38:04  [ Thread-0:2 ] - [ ERROR ]  室
2017-06-17 00:38:04  [ Thread-0:3 ] - [ ERROR ]  座
2017-06-17 09:21:32  [ main:727 ] - [ ERROR ]  号
2017-06-17 09:21:32  [ main:728 ] - [ ERROR ]  单
2017-06-17 09:21:32  [ main:728 ] - [ ERROR ]  元
2017-06-17 09:21:32  [ main:728 ] - [ ERROR ]  楼
2017-06-17 09:21:32  [ main:729 ] - [ ERROR ]  室
2017-06-17 09:21:32  [ main:729 ] - [ ERROR ]  座
2017-06-17 09:26:29  [ Thread-1:865 ] - [ ERROR ]  号
2017-06-17 09:26:29  [ Thread-1:866 ] - [ ERROR ]  单
2017-06-17 09:26:29  [ Thread-1:866 ] - [ ERROR ]  元
2017-06-17 09:26:29  [ Thread-1:866 ] - [ ERROR ]  楼
2017-06-17 09:26:29  [ Thread-1:867 ] - [ ERROR ]  室
2017-06-17 09:26:29  [ Thread-1:867 ] - [ ERROR ]  座
2017-06-17 10:01:17  [ Thread-21:11048 ] - [ ERROR ]  号
2017-06-17 10:01:17  [ Thread-21:11048 ] - [ ERROR ]  单
2017-06-17 10:01:17  [ Thread-21:11048 ] - [ ERROR ]  元
2017-06-17 10:01:17  [ Thread-21:11048 ] - [ ERROR ]  楼
2017-06-17 10:01:17  [ Thread-21:11049 ] - [ ERROR ]  室
2017-06-17 10:01:17  [ Thread-21:11049 ] - [ ERROR ]  座
2017-06-17 10:01:17  [ Thread-21:11049 ] - [ ERROR ]  _
2017-06-17 10:01:17  [ Thread-21:11049 ] - [ ERROR ]  门
2017-06-17 10:01:17  [ Thread-21:11049 ] - [ ERROR ]  平
2017-06-17 10:01:17  [ Thread-21:11049 ] - [ ERROR ]  房
2017-06-17 14:56:51  [ main:0 ] - [ ERROR ]  号
2017-06-17 14:56:51  [ main:23 ] - [ ERROR ]  单
2017-06-17 14:56:51  [ main:23 ] - [ ERROR ]  元
2017-06-17 14:56:51  [ main:23 ] - [ ERROR ]  楼
2017-06-17 14:56:51  [ main:23 ] - [ ERROR ]  室
2017-06-17 14:56:51  [ main:24 ] - [ ERROR ]  座
2017-06-17 15:17:43  [ Thread-17:144729 ] - [ ERROR ]  号
2017-06-17 15:17:43  [ Thread-17:144730 ] - [ ERROR ]  楼
2017-06-17 15:17:43  [ Thread-17:144730 ] - [ ERROR ]  单
2017-06-17 15:17:43  [ Thread-17:144730 ] - [ ERROR ]  元
2017-06-17 15:17:43  [ Thread-17:144731 ] - [ ERROR ]  #
2017-06-17 15:17:43  [ Thread-17:144731 ] - [ ERROR ]  东
2017-06-17 15:17:43  [ Thread-17:144731 ] - [ ERROR ]  西
2017-06-17 15:17:43  [ Thread-17:144731 ] - [ ERROR ]  地
2017-06-17 15:17:43  [ Thread-17:144732 ] - [ ERROR ]  下
2017-06-17 15:17:43  [ Thread-17:144732 ] - [ ERROR ]  物
2017-06-17 15:17:43  [ Thread-17:144732 ] - [ ERROR ]  业
2017-06-17 15:17:43  [ Thread-17:144732 ] - [ ERROR ]  甲
2017-06-17 15:17:43  [ Thread-17:144732 ] - [ ERROR ]  乙
2017-06-17 15:17:43  [ Thread-17:144732 ] - [ ERROR ]  -
2017-06-17 15:17:43  [ Thread-17:144733 ] - [ ERROR ]  院
2017-06-17 15:17:43  [ Thread-17:144733 ] - [ ERROR ]  .
2017-06-17 15:17:43  [ Thread-17:144733 ] - [ ERROR ]  丙
2017-06-17 15:17:43  [ Thread-17:144733 ] - [ ERROR ]  （
2017-06-17 15:17:43  [ Thread-17:144734 ] - [ ERROR ]  上
2017-06-17 15:17:43  [ Thread-17:144734 ] - [ ERROR ]  ）
2017-06-17 15:17:43  [ Thread-17:144734 ] - [ ERROR ]  搂
2017-06-17 15:17:43  [ Thread-17:144734 ] - [ ERROR ]  丁
2017-06-17 15:17:43  [ Thread-17:144735 ] - [ ERROR ]  座
2017-06-17 15:17:43  [ Thread-17:144735 ] - [ ERROR ]  北
2017-06-17 15:17:43  [ Thread-17:144735 ] - [ ERROR ]  南
2017-06-17 15:17:43  [ Thread-17:144735 ] - [ ERROR ]  塔
2017-06-17 15:17:43  [ Thread-17:144736 ] - [ ERROR ]  右
2017-06-17 15:17:43  [ Thread-17:144736 ] - [ ERROR ]  里
2017-06-17 15:17:43  [ Thread-17:144736 ] - [ ERROR ]  加
2017-06-17 15:17:43  [ Thread-17:144736 ] - [ ERROR ]  板
2017-06-17 15:17:43  [ Thread-17:144737 ] - [ ERROR ]  门
2017-06-17 15:17:43  [ Thread-17:144737 ] - [ ERROR ]  排
2017-06-17 15:17:43  [ Thread-17:144744 ] - [ ERROR ]  平
2017-06-17 15:17:43  [ Thread-17:144744 ] - [ ERROR ]  方
2017-06-17 15:17:43  [ Thread-17:144744 ] - [ ERROR ]  中
2017-06-17 15:17:43  [ Thread-17:144744 ] - [ ERROR ]  别
2017-06-17 15:17:43  [ Thread-17:144744 ] - [ ERROR ]  墅
2017-06-17 15:17:43  [ Thread-17:144745 ] - [ ERROR ]  房
2017-06-17 15:17:43  [ Thread-17:144745 ] - [ ERROR ]  条
2017-06-17 15:17:43  [ Thread-17:144745 ] - [ ERROR ]   
2017-06-17 15:17:43  [ Thread-17:144745 ] - [ ERROR ]  祥
2017-06-17 15:17:43  [ Thread-17:144745 ] - [ ERROR ]  路
2017-06-17 15:17:43  [ Thread-17:144745 ] - [ ERROR ]  调
2017-06-17 15:17:43  [ Thread-17:144745 ] - [ ERROR ]  压
2017-06-17 15:17:43  [ Thread-17:144746 ] - [ ERROR ]  箱
2017-06-17 15:17:43  [ Thread-17:144746 ] - [ ERROR ]  旧
2017-06-17 15:17:43  [ Thread-17:144746 ] - [ ERROR ]  新
2017-06-17 15:17:43  [ Thread-17:144746 ] - [ ERROR ]  底
2017-06-17 15:17:43  [ Thread-17:144746 ] - [ ERROR ]  商
2017-06-17 15:17:43  [ Thread-17:144746 ] - [ ERROR ]  综
2017-06-17 15:17:43  [ Thread-17:144746 ] - [ ERROR ]  合
2017-06-17 15:17:43  [ Thread-17:144746 ] - [ ERROR ]  公
2017-06-17 15:17:43  [ Thread-17:144747 ] - [ ERROR ]  寓
2017-06-17 15:17:43  [ Thread-17:144747 ] - [ ERROR ]  层
2017-06-17 15:17:43  [ Thread-17:144747 ] - [ ERROR ]  鹏
2017-06-17 15:17:43  [ Thread-17:144747 ] - [ ERROR ]  润
2017-06-17 15:17:43  [ Thread-17:144747 ] - [ ERROR ]  雅
2017-06-17 15:17:43  [ Thread-17:144747 ] - [ ERROR ]  苑
2017-06-17 15:17:43  [ Thread-17:144747 ] - [ ERROR ]  文
2017-06-17 15:17:43  [ Thread-17:144748 ] - [ ERROR ]  区
2017-06-17 15:17:43  [ Thread-17:144748 ] - [ ERROR ]  医
2017-06-17 15:17:43  [ Thread-17:144748 ] - [ ERROR ]  师
2017-06-17 15:17:43  [ Thread-17:144748 ] - [ ERROR ]  居
2017-06-17 15:17:43  [ Thread-17:144748 ] - [ ERROR ]  委
2017-06-17 15:17:43  [ Thread-17:144748 ] - [ ERROR ]  会
2017-06-17 15:17:43  [ Thread-17:144748 ] - [ ERROR ]  ・
2017-06-17 15:17:43  [ Thread-17:144748 ] - [ ERROR ]  )
2017-06-17 15:17:43  [ Thread-17:144749 ] - [ ERROR ]  栋
2017-06-17 15:17:43  [ Thread-17:144749 ] - [ ERROR ]  巴
2017-06-17 15:17:43  [ Thread-17:144749 ] - [ ERROR ]  威
2017-06-17 15:17:43  [ Thread-17:144749 ] - [ ERROR ]  司
2017-06-17 15:17:43  [ Thread-17:144749 ] - [ ERROR ]  宿
2017-06-17 15:17:43  [ Thread-17:144749 ] - [ ERROR ]  舍
2017-06-17 15:17:43  [ Thread-17:144749 ] - [ ERROR ]  /
2017-06-17 15:17:43  [ Thread-17:144749 ] - [ ERROR ]  月
2017-06-17 15:17:43  [ Thread-17:144750 ] - [ ERROR ]  (
2017-06-17 15:17:43  [ Thread-17:144750 ] - [ ERROR ]  真
2017-06-17 15:17:43  [ Thread-17:144750 ] - [ ERROR ]  资
2017-06-17 15:17:43  [ Thread-17:144750 ] - [ ERROR ]  料
2017-06-17 15:17:43  [ Thread-17:144750 ] - [ ERROR ]  室
2017-06-17 15:17:43  [ Thread-17:144750 ] - [ ERROR ]  仓
2017-06-17 15:17:43  [ Thread-17:144750 ] - [ ERROR ]  库
2017-06-17 15:17:43  [ Thread-17:144750 ] - [ ERROR ]  无
2017-06-17 15:17:43  [ Thread-17:144751 ] - [ ERROR ]  实
2017-06-17 15:17:43  [ Thread-17:144751 ] - [ ERROR ]  际
2017-06-17 15:17:43  [ Thread-17:144751 ] - [ ERROR ]  此
2017-06-17 15:17:43  [ Thread-17:144751 ] - [ ERROR ]  豪
2017-06-17 15:17:43  [ Thread-17:144751 ] - [ ERROR ]  富
2017-06-17 15:17:43  [ Thread-17:144751 ] - [ ERROR ]  丰
2017-06-17 15:17:43  [ Thread-17:144751 ] - [ ERROR ]  农
2017-06-17 15:17:43  [ Thread-17:144751 ] - [ ERROR ]  银
2017-06-17 15:17:43  [ Thread-17:144752 ] - [ ERROR ]  行
2017-06-17 15:17:43  [ Thread-17:144752 ] - [ ERROR ]  静
2017-06-17 15:17:43  [ Thread-17:144752 ] - [ ERROR ]  食
2017-06-17 15:17:43  [ Thread-17:144752 ] - [ ERROR ]  堂
2017-06-17 15:17:43  [ Thread-17:144752 ] - [ ERROR ]  士
2017-06-17 15:17:43  [ Thread-17:144752 ] - [ ERROR ]  官
2017-06-17 15:17:43  [ Thread-17:144752 ] - [ ERROR ]  不
2017-06-17 15:17:43  [ Thread-17:144753 ] - [ ERROR ]  用
2017-06-17 15:17:43  [ Thread-17:144753 ] - [ ERROR ]  气
2017-06-17 15:17:43  [ Thread-17:144753 ] - [ ERROR ]  左
2017-06-17 15:17:43  [ Thread-17:144753 ] - [ ERROR ]  边
2017-06-17 15:17:43  [ Thread-17:144753 ] - [ ERROR ]  办
2017-06-17 15:17:43  [ Thread-17:144753 ] - [ ERROR ]  住
2017-06-17 15:17:43  [ Thread-17:144753 ] - [ ERROR ]  宅
2017-06-17 15:17:43  [ Thread-17:144753 ] - [ ERROR ]  流
2017-06-17 15:17:43  [ Thread-17:144754 ] - [ ERROR ]  虹
2017-06-17 15:17:43  [ Thread-17:144754 ] - [ ERROR ]  玉
2017-06-17 15:17:43  [ Thread-17:144754 ] - [ ERROR ]  泉
2017-06-17 15:17:43  [ Thread-17:144754 ] - [ ERROR ]  风
2017-06-17 15:17:43  [ Thread-17:144754 ] - [ ERROR ]  荷
2017-06-17 15:17:43  [ Thread-17:144754 ] - [ ERROR ]  桂
2017-06-17 15:17:43  [ Thread-17:144754 ] - [ ERROR ]  雨
2017-06-17 15:17:43  [ Thread-17:144754 ] - [ ERROR ]  梦
2017-06-17 15:17:43  [ Thread-17:144755 ] - [ ERROR ]  屏
2017-06-17 15:17:43  [ Thread-17:144755 ] - [ ERROR ]  栖
2017-06-17 15:17:43  [ Thread-17:144755 ] - [ ERROR ]  霞
2017-06-17 15:17:43  [ Thread-17:144755 ] - [ ERROR ]  春
2017-06-17 15:17:43  [ Thread-17:144755 ] - [ ERROR ]  晓
2017-06-17 15:17:43  [ Thread-17:144755 ] - [ ERROR ]  周
2017-06-17 15:17:43  [ Thread-17:144755 ] - [ ERROR ]  转
2017-06-17 15:17:43  [ Thread-17:144755 ] - [ ERROR ]  高
2017-06-17 15:17:43  [ Thread-17:144756 ] - [ ERROR ]  期
2017-06-17 15:17:43  [ Thread-17:144756 ] - [ ERROR ]  戊
2017-06-17 15:17:43  [ Thread-17:144756 ] - [ ERROR ]  己
2017-06-17 15:17:43  [ Thread-17:144756 ] - [ ERROR ]  红
2017-06-17 15:17:43  [ Thread-17:144756 ] - [ ERROR ]  星
2017-06-17 15:17:43  [ Thread-17:144756 ] - [ ERROR ]  庚
2017-06-17 15:17:43  [ Thread-17:144756 ] - [ ERROR ]  梅
2017-06-17 15:17:43  [ Thread-17:144756 ] - [ ERROR ]  源
2017-06-17 15:17:43  [ Thread-17:144756 ] - [ ERROR ]  菊
2017-06-17 15:17:43  [ Thread-17:144757 ] - [ ERROR ]  －
2017-06-17 15:17:43  [ Thread-17:144757 ] - [ ERROR ]  直
2017-06-17 15:17:43  [ Thread-17:144757 ] - [ ERROR ]  壬
2017-06-17 15:17:43  [ Thread-17:144757 ] - [ ERROR ]  １
2017-06-17 15:17:43  [ Thread-17:144757 ] - [ ERROR ]  ２
2017-06-17 15:17:43  [ Thread-17:144757 ] - [ ERROR ]  ３
2017-06-17 15:17:43  [ Thread-17:144757 ] - [ ERROR ]  秋
2017-06-17 15:17:43  [ Thread-17:144757 ] - [ ERROR ]  天
2017-06-17 15:17:43  [ Thread-17:144757 ] - [ ERROR ]  云
2017-06-17 15:17:43  [ Thread-17:144758 ] - [ ERROR ]  已
2017-06-17 15:17:43  [ Thread-17:144758 ] - [ ERROR ]  所
2017-06-17 15:17:43  [ Thread-17:144758 ] - [ ERROR ]  辛
2017-06-17 15:17:43  [ Thread-17:144758 ] - [ ERROR ]  活
2017-06-17 15:17:43  [ Thread-17:144758 ] - [ ERROR ]  动
2017-06-17 15:17:43  [ Thread-17:144758 ] - [ ERROR ]  站
2017-06-17 15:17:43  [ Thread-17:144759 ] - [ ERROR ]  *
2017-06-17 15:17:43  [ Thread-17:144759 ] - [ ERROR ]  招
2017-06-17 15:17:43  [ Thread-17:144759 ] - [ ERROR ]  待
2017-06-17 15:17:43  [ Thread-17:144759 ] - [ ERROR ]  园
2017-06-17 15:17:43  [ Thread-17:144759 ] - [ ERROR ]  卫
2017-06-17 15:17:43  [ Thread-17:144759 ] - [ ERROR ]  场
2017-06-17 15:17:43  [ Thread-17:144760 ] - [ ERROR ]  明
2017-06-17 15:17:43  [ Thread-17:144760 ] - [ ERROR ]  叠
2017-06-17 15:17:43  [ Thread-17:144760 ] - [ ERROR ]  翠
2017-06-17 15:17:43  [ Thread-17:144760 ] - [ ERROR ]  前
2017-06-17 15:17:43  [ Thread-17:144760 ] - [ ERROR ]  后
2017-06-17 15:17:43  [ Thread-17:144760 ] - [ ERROR ]  传
2017-06-17 15:17:43  [ Thread-17:144760 ] - [ ERROR ]  达
2017-06-17 15:17:43  [ Thread-17:144760 ] - [ ERROR ]  时
2017-06-17 15:17:43  [ Thread-17:144760 ] - [ ERROR ]  尚
2017-06-17 15:17:43  [ Thread-17:144761 ] - [ ERROR ]  家
2017-06-17 15:17:43  [ Thread-17:144761 ] - [ ERROR ]  低
2017-06-17 15:17:43  [ Thread-17:144761 ] - [ ERROR ]  生
2017-06-17 15:17:43  [ Thread-17:144761 ] - [ ERROR ]  产
2017-06-17 15:17:43  [ Thread-17:144761 ] - [ ERROR ]  基
2017-06-17 15:17:43  [ Thread-17:144761 ] - [ ERROR ]  ―
2017-06-17 15:17:43  [ Thread-17:144761 ] - [ ERROR ]  顺
2017-06-17 15:17:43  [ Thread-17:144761 ] - [ ERROR ]  横
2017-06-17 15:17:43  [ Thread-17:144761 ] - [ ERROR ]  街
2017-06-17 15:17:43  [ Thread-17:144761 ] - [ ERROR ]  癸
2017-06-17 15:17:43  [ Thread-17:144762 ] - [ ERROR ]  巷
2017-06-17 15:17:43  [ Thread-17:144762 ] - [ ERROR ]  升
2017-06-17 15:17:43  [ Thread-17:144762 ] - [ ERROR ]  康
2017-06-17 15:17:43  [ Thread-17:144762 ] - [ ERROR ]  庆
2017-06-17 15:17:43  [ Thread-17:144762 ] - [ ERROR ]  内
2017-06-17 15:17:43  [ Thread-17:144762 ] - [ ERROR ]  都
2017-06-17 15:17:43  [ Thread-17:144762 ] - [ ERROR ]  有
2017-06-17 15:17:43  [ Thread-17:144762 ] - [ ERROR ]  厄
2017-06-17 15:17:43  [ Thread-17:144762 ] - [ ERROR ]  潞
2017-06-17 15:17:43  [ Thread-17:144762 ] - [ ERROR ]  大
2017-06-17 15:17:43  [ Thread-17:144763 ] - [ ERROR ]  霁
2017-06-17 15:17:43  [ Thread-17:144763 ] - [ ERROR ]  雪
2017-06-17 15:17:43  [ Thread-17:144763 ] - [ ERROR ]  水
2017-06-17 15:17:43  [ Thread-17:144763 ] - [ ERROR ]  务
2017-06-17 15:17:43  [ Thread-17:144763 ] - [ ERROR ]  局
2017-06-17 15:17:43  [ Thread-17:144763 ] - [ ERROR ]  属
2017-06-17 20:20:30  [ Thread-2:282030 ] - [ ERROR ]  号
2017-06-17 20:20:30  [ Thread-2:282065 ] - [ ERROR ]  单
2017-06-17 20:20:30  [ Thread-2:282066 ] - [ ERROR ]  元
2017-06-17 20:20:30  [ Thread-2:282066 ] - [ ERROR ]  楼
2017-06-17 20:20:30  [ Thread-2:282066 ] - [ ERROR ]  室
2017-06-17 20:20:30  [ Thread-2:282066 ] - [ ERROR ]  座
2017-06-17 20:20:30  [ Thread-2:282066 ] - [ ERROR ]  #
2017-06-17 20:20:30  [ Thread-2:282066 ] - [ ERROR ]  东
2017-06-17 20:20:30  [ Thread-2:282066 ] - [ ERROR ]  西
2017-06-17 20:20:30  [ Thread-2:282066 ] - [ ERROR ]  地
2017-06-17 20:20:30  [ Thread-2:282067 ] - [ ERROR ]  下
2017-06-17 20:20:30  [ Thread-2:282067 ] - [ ERROR ]  物
2017-06-17 20:20:30  [ Thread-2:282067 ] - [ ERROR ]  业
2017-06-17 20:20:30  [ Thread-2:282067 ] - [ ERROR ]  甲
2017-06-17 20:20:30  [ Thread-2:282067 ] - [ ERROR ]  乙
2017-06-17 20:20:30  [ Thread-2:282067 ] - [ ERROR ]  -
2017-06-17 20:20:30  [ Thread-2:282067 ] - [ ERROR ]  院
2017-06-17 20:20:30  [ Thread-2:282067 ] - [ ERROR ]  .
2017-06-17 20:20:30  [ Thread-2:282067 ] - [ ERROR ]  丙
2017-06-17 20:20:30  [ Thread-2:282068 ] - [ ERROR ]  （
2017-06-17 20:20:30  [ Thread-2:282068 ] - [ ERROR ]  上
2017-06-17 20:20:30  [ Thread-2:282068 ] - [ ERROR ]  ）
2017-06-17 20:20:30  [ Thread-2:282068 ] - [ ERROR ]  搂
2017-06-17 20:20:30  [ Thread-2:282068 ] - [ ERROR ]  丁
2017-06-17 20:20:30  [ Thread-2:282068 ] - [ ERROR ]  塔
2017-06-17 20:20:30  [ Thread-2:282068 ] - [ ERROR ]  右
2017-06-17 20:20:30  [ Thread-2:282068 ] - [ ERROR ]  里
2017-06-17 20:20:30  [ Thread-2:282069 ] - [ ERROR ]  加
2017-06-17 20:20:30  [ Thread-2:282069 ] - [ ERROR ]  板
2017-06-17 20:20:30  [ Thread-2:282069 ] - [ ERROR ]  公
2017-06-17 20:20:30  [ Thread-2:282069 ] - [ ERROR ]  寓
2017-06-17 20:20:30  [ Thread-2:282069 ] - [ ERROR ]  层
2017-06-17 20:20:30  [ Thread-2:282069 ] - [ ERROR ]  门
2017-06-17 20:20:30  [ Thread-2:282069 ] - [ ERROR ]  鹏
2017-06-17 20:20:30  [ Thread-2:282069 ] - [ ERROR ]  润
2017-06-17 20:20:30  [ Thread-2:282070 ] - [ ERROR ]  雅
2017-06-17 20:20:30  [ Thread-2:282070 ] - [ ERROR ]  苑
2017-06-17 20:20:30  [ Thread-2:282070 ] - [ ERROR ]  文
2017-06-17 20:20:30  [ Thread-2:282070 ] - [ ERROR ]  北
2017-06-17 20:20:30  [ Thread-2:282070 ] - [ ERROR ]  南
2017-06-17 20:20:30  [ Thread-2:282070 ] - [ ERROR ]   
2017-06-17 20:20:30  [ Thread-2:282071 ] - [ ERROR ]  旧
2017-06-17 20:20:30  [ Thread-2:282071 ] - [ ERROR ]  综
2017-06-17 20:20:30  [ Thread-2:282071 ] - [ ERROR ]  合
2017-06-17 20:20:30  [ Thread-2:282071 ] - [ ERROR ]  栋
2017-06-17 20:20:30  [ Thread-2:282071 ] - [ ERROR ]  /
2017-06-17 20:20:30  [ Thread-2:282071 ] - [ ERROR ]  医
2017-06-17 20:20:30  [ Thread-2:282071 ] - [ ERROR ]  师
2017-06-17 20:20:30  [ Thread-2:282071 ] - [ ERROR ]  新
2017-06-17 20:20:30  [ Thread-2:282072 ] - [ ERROR ]  排
2017-06-17 20:20:30  [ Thread-2:282072 ] - [ ERROR ]  平
2017-06-17 20:20:30  [ Thread-2:282072 ] - [ ERROR ]  方
2017-06-17 20:20:30  [ Thread-2:282072 ] - [ ERROR ]  中
2017-06-17 20:20:30  [ Thread-2:282072 ] - [ ERROR ]  别
2017-06-17 20:20:30  [ Thread-2:282072 ] - [ ERROR ]  墅
2017-06-17 20:20:30  [ Thread-2:282072 ] - [ ERROR ]  房
2017-06-17 20:20:30  [ Thread-2:282072 ] - [ ERROR ]  巴
2017-06-17 20:20:30  [ Thread-2:282073 ] - [ ERROR ]  威
2017-06-17 20:20:30  [ Thread-2:282073 ] - [ ERROR ]  司
2017-06-17 20:20:30  [ Thread-2:282073 ] - [ ERROR ]  宿
2017-06-17 20:20:30  [ Thread-2:282073 ] - [ ERROR ]  舍
2017-06-17 20:20:30  [ Thread-2:282073 ] - [ ERROR ]  条
2017-06-17 20:20:30  [ Thread-2:282073 ] - [ ERROR ]  祥
2017-06-17 20:20:30  [ Thread-2:282073 ] - [ ERROR ]  路
2017-06-17 20:20:30  [ Thread-2:282074 ] - [ ERROR ]  调
2017-06-17 20:20:30  [ Thread-2:282074 ] - [ ERROR ]  压
2017-06-17 20:20:30  [ Thread-2:282074 ] - [ ERROR ]  箱
2017-06-17 20:20:30  [ Thread-2:282074 ] - [ ERROR ]  底
2017-06-17 20:20:30  [ Thread-2:282074 ] - [ ERROR ]  商
2017-06-17 20:20:30  [ Thread-2:282074 ] - [ ERROR ]  资
2017-06-17 20:20:30  [ Thread-2:282074 ] - [ ERROR ]  料
2017-06-17 20:20:30  [ Thread-2:282074 ] - [ ERROR ]  仓
2017-06-17 20:20:30  [ Thread-2:282074 ] - [ ERROR ]  库
2017-06-17 20:20:30  [ Thread-2:282074 ] - [ ERROR ]  居
2017-06-17 20:20:30  [ Thread-2:282075 ] - [ ERROR ]  委
2017-06-17 20:20:30  [ Thread-2:282075 ] - [ ERROR ]  会
2017-06-17 20:20:30  [ Thread-2:282075 ] - [ ERROR ]  ・
2017-06-17 20:20:30  [ Thread-2:282075 ] - [ ERROR ]  区
2017-06-17 20:20:30  [ Thread-2:282075 ] - [ ERROR ]  月
2017-06-17 20:20:30  [ Thread-2:282075 ] - [ ERROR ]  (
2017-06-17 20:20:30  [ Thread-2:282075 ] - [ ERROR ]  )
2017-06-17 20:20:30  [ Thread-2:282075 ] - [ ERROR ]  真
2017-06-17 20:20:30  [ Thread-2:282075 ] - [ ERROR ]  无
2017-06-17 20:20:30  [ Thread-2:282075 ] - [ ERROR ]  实
2017-06-17 20:20:30  [ Thread-2:282076 ] - [ ERROR ]  际
2017-06-17 20:20:30  [ Thread-2:282076 ] - [ ERROR ]  此
2017-06-17 20:20:30  [ Thread-2:282076 ] - [ ERROR ]  豪
2017-06-17 20:20:30  [ Thread-2:282076 ] - [ ERROR ]  静
2017-06-17 20:20:30  [ Thread-2:282076 ] - [ ERROR ]  食
2017-06-17 20:20:30  [ Thread-2:282076 ] - [ ERROR ]  堂
2017-06-17 20:20:30  [ Thread-2:282076 ] - [ ERROR ]  富
2017-06-17 20:20:30  [ Thread-2:282076 ] - [ ERROR ]  丰
2017-06-17 20:20:30  [ Thread-2:282076 ] - [ ERROR ]  不
2017-06-17 20:20:30  [ Thread-2:282076 ] - [ ERROR ]  用
2017-06-17 20:20:30  [ Thread-2:282076 ] - [ ERROR ]  气
2017-06-17 20:20:30  [ Thread-2:282076 ] - [ ERROR ]  农
2017-06-17 20:20:30  [ Thread-2:282077 ] - [ ERROR ]  银
2017-06-17 20:20:30  [ Thread-2:282077 ] - [ ERROR ]  行
2017-06-17 20:20:30  [ Thread-2:282077 ] - [ ERROR ]  士
2017-06-17 20:20:30  [ Thread-2:282077 ] - [ ERROR ]  官
2017-06-17 20:20:30  [ Thread-2:282077 ] - [ ERROR ]  流
2017-06-17 20:20:30  [ Thread-2:282077 ] - [ ERROR ]  虹
2017-06-17 20:20:30  [ Thread-2:282077 ] - [ ERROR ]  玉
2017-06-17 20:20:30  [ Thread-2:282077 ] - [ ERROR ]  泉
2017-06-17 20:20:30  [ Thread-2:282077 ] - [ ERROR ]  风
2017-06-17 20:20:30  [ Thread-2:282077 ] - [ ERROR ]  荷
2017-06-17 20:20:30  [ Thread-2:282078 ] - [ ERROR ]  桂
2017-06-17 20:20:30  [ Thread-2:282078 ] - [ ERROR ]  雨
2017-06-17 20:20:30  [ Thread-2:282078 ] - [ ERROR ]  梦
2017-06-17 20:20:30  [ Thread-2:282078 ] - [ ERROR ]  屏
2017-06-17 20:20:30  [ Thread-2:282078 ] - [ ERROR ]  栖
2017-06-17 20:20:30  [ Thread-2:282078 ] - [ ERROR ]  霞
2017-06-17 20:20:30  [ Thread-2:282078 ] - [ ERROR ]  春
2017-06-17 20:20:30  [ Thread-2:282078 ] - [ ERROR ]  晓
2017-06-17 20:20:30  [ Thread-2:282078 ] - [ ERROR ]  秋
2017-06-17 20:20:30  [ Thread-2:282079 ] - [ ERROR ]  天
2017-06-17 20:20:30  [ Thread-2:282079 ] - [ ERROR ]  云
2017-06-17 20:20:30  [ Thread-2:282079 ] - [ ERROR ]  左
2017-06-17 20:20:30  [ Thread-2:282079 ] - [ ERROR ]  边
2017-06-17 20:20:30  [ Thread-2:282079 ] - [ ERROR ]  办
2017-06-17 20:20:30  [ Thread-2:282079 ] - [ ERROR ]  住
2017-06-17 20:20:30  [ Thread-2:282079 ] - [ ERROR ]  宅
2017-06-17 20:20:30  [ Thread-2:282079 ] - [ ERROR ]  _
2017-06-17 20:20:30  [ Thread-2:282079 ] - [ ERROR ]  周
2017-06-17 20:20:30  [ Thread-2:282079 ] - [ ERROR ]  转
2017-06-17 20:20:30  [ Thread-2:282080 ] - [ ERROR ]  高
2017-06-17 20:20:30  [ Thread-2:282080 ] - [ ERROR ]  期
2017-06-17 20:20:30  [ Thread-2:282080 ] - [ ERROR ]  戊
2017-06-17 20:20:30  [ Thread-2:282080 ] - [ ERROR ]  己
2017-06-17 20:20:30  [ Thread-2:282080 ] - [ ERROR ]  红
2017-06-17 20:20:30  [ Thread-2:282080 ] - [ ERROR ]  星
2017-06-17 20:20:30  [ Thread-2:282080 ] - [ ERROR ]  庚
2017-06-17 20:20:30  [ Thread-2:282080 ] - [ ERROR ]  梅
2017-06-17 20:20:30  [ Thread-2:282081 ] - [ ERROR ]  源
2017-06-17 20:20:30  [ Thread-2:282081 ] - [ ERROR ]  菊
2017-06-17 20:20:30  [ Thread-2:282081 ] - [ ERROR ]  －
2017-06-17 20:20:30  [ Thread-2:282081 ] - [ ERROR ]  直
2017-06-17 20:20:30  [ Thread-2:282081 ] - [ ERROR ]  壬
2017-06-17 20:20:30  [ Thread-2:282081 ] - [ ERROR ]  １
2017-06-17 20:20:30  [ Thread-2:282081 ] - [ ERROR ]  ２
2017-06-17 20:20:30  [ Thread-2:282081 ] - [ ERROR ]  ３
2017-06-17 20:20:30  [ Thread-2:282081 ] - [ ERROR ]  明
2017-06-17 20:20:30  [ Thread-2:282081 ] - [ ERROR ]  叠
2017-06-17 20:20:30  [ Thread-2:282081 ] - [ ERROR ]  翠
2017-06-17 20:20:30  [ Thread-2:282082 ] - [ ERROR ]  已
2017-06-17 20:20:30  [ Thread-2:282082 ] - [ ERROR ]  所
2017-06-17 20:20:30  [ Thread-2:282082 ] - [ ERROR ]  辛
2017-06-17 20:20:30  [ Thread-2:282082 ] - [ ERROR ]  活
2017-06-17 20:20:30  [ Thread-2:282082 ] - [ ERROR ]  动
2017-06-17 20:20:30  [ Thread-2:282082 ] - [ ERROR ]  站
2017-06-17 20:20:30  [ Thread-2:282082 ] - [ ERROR ]  *
2017-06-17 20:20:30  [ Thread-2:282082 ] - [ ERROR ]  时
2017-06-17 20:20:30  [ Thread-2:282082 ] - [ ERROR ]  尚
2017-06-17 20:20:30  [ Thread-2:282082 ] - [ ERROR ]  家
2017-06-17 20:20:30  [ Thread-2:282082 ] - [ ERROR ]  园
2017-06-17 20:20:30  [ Thread-2:282083 ] - [ ERROR ]  招
2017-06-17 20:20:30  [ Thread-2:282083 ] - [ ERROR ]  待
2017-06-17 20:20:30  [ Thread-2:282083 ] - [ ERROR ]  低
2017-06-17 20:20:30  [ Thread-2:282083 ] - [ ERROR ]  卫
2017-06-17 20:20:30  [ Thread-2:282083 ] - [ ERROR ]  场
2017-06-17 20:20:30  [ Thread-2:282083 ] - [ ERROR ]  前
2017-06-17 20:20:30  [ Thread-2:282083 ] - [ ERROR ]  后
2017-06-17 20:20:30  [ Thread-2:282083 ] - [ ERROR ]  传
2017-06-17 20:20:30  [ Thread-2:282083 ] - [ ERROR ]  达
2017-06-17 20:20:30  [ Thread-2:282084 ] - [ ERROR ]  顺
2017-06-17 20:20:30  [ Thread-2:282084 ] - [ ERROR ]  横
2017-06-17 20:20:30  [ Thread-2:282084 ] - [ ERROR ]  街
2017-06-17 20:20:30  [ Thread-2:282084 ] - [ ERROR ]  巷
2017-06-17 20:20:30  [ Thread-2:282084 ] - [ ERROR ]  升
2017-06-17 20:20:30  [ Thread-2:282084 ] - [ ERROR ]  康
2017-06-17 20:20:30  [ Thread-2:282084 ] - [ ERROR ]  庆
2017-06-17 20:20:30  [ Thread-2:282084 ] - [ ERROR ]  内
2017-06-17 20:20:30  [ Thread-2:282084 ] - [ ERROR ]  都
2017-06-17 20:20:30  [ Thread-2:282084 ] - [ ERROR ]  有
2017-06-17 20:20:30  [ Thread-2:282085 ] - [ ERROR ]  生
2017-06-17 20:20:30  [ Thread-2:282085 ] - [ ERROR ]  产
2017-06-17 20:20:30  [ Thread-2:282085 ] - [ ERROR ]  基
2017-06-17 20:20:30  [ Thread-2:282085 ] - [ ERROR ]  ―
2017-06-17 20:20:30  [ Thread-2:282085 ] - [ ERROR ]  癸
2017-06-17 20:20:30  [ Thread-2:282085 ] - [ ERROR ]  厄
2017-06-17 20:20:30  [ Thread-2:282085 ] - [ ERROR ]  潞
2017-06-17 20:20:30  [ Thread-2:282085 ] - [ ERROR ]  大
2017-06-17 20:20:30  [ Thread-2:282085 ] - [ ERROR ]  霁
2017-06-17 20:20:30  [ Thread-2:282085 ] - [ ERROR ]  雪
2017-06-17 20:20:30  [ Thread-2:282085 ] - [ ERROR ]  水
2017-06-17 20:20:30  [ Thread-2:282086 ] - [ ERROR ]  务
2017-06-17 20:20:30  [ Thread-2:282086 ] - [ ERROR ]  局
2017-06-17 20:20:30  [ Thread-2:282086 ] - [ ERROR ]  属
2017-06-17 20:20:57  [ Thread-27:308945 ] - [ ERROR ]  号
2017-06-17 20:20:57  [ Thread-27:308945 ] - [ ERROR ]  单
2017-06-17 20:20:57  [ Thread-27:308945 ] - [ ERROR ]  元
2017-06-17 20:20:57  [ Thread-27:308945 ] - [ ERROR ]  楼
2017-06-17 20:20:57  [ Thread-27:308945 ] - [ ERROR ]  室
2017-06-17 20:20:57  [ Thread-27:308945 ] - [ ERROR ]  座
2017-06-17 20:20:57  [ Thread-27:308945 ] - [ ERROR ]  #
2017-06-17 20:20:57  [ Thread-27:308945 ] - [ ERROR ]  东
2017-06-17 20:20:57  [ Thread-27:308945 ] - [ ERROR ]  西
2017-06-17 20:20:57  [ Thread-27:308946 ] - [ ERROR ]  地
2017-06-17 20:20:57  [ Thread-27:308946 ] - [ ERROR ]  下
2017-06-17 20:20:57  [ Thread-27:308946 ] - [ ERROR ]  物
2017-06-17 20:20:57  [ Thread-27:308946 ] - [ ERROR ]  业
2017-06-17 20:20:57  [ Thread-27:308946 ] - [ ERROR ]  甲
2017-06-17 20:20:57  [ Thread-27:308946 ] - [ ERROR ]  乙
2017-06-17 20:20:57  [ Thread-27:308946 ] - [ ERROR ]  -
2017-06-17 20:20:57  [ Thread-27:308946 ] - [ ERROR ]  院
2017-06-17 20:20:57  [ Thread-27:308946 ] - [ ERROR ]  .
2017-06-17 20:20:57  [ Thread-27:308946 ] - [ ERROR ]  丙
2017-06-17 20:20:57  [ Thread-27:308946 ] - [ ERROR ]  （
2017-06-17 20:20:57  [ Thread-27:308946 ] - [ ERROR ]  上
2017-06-17 20:20:57  [ Thread-27:308947 ] - [ ERROR ]  ）
2017-06-17 20:20:57  [ Thread-27:308947 ] - [ ERROR ]  搂
2017-06-17 20:20:57  [ Thread-27:308947 ] - [ ERROR ]  丁
2017-06-17 20:20:57  [ Thread-27:308947 ] - [ ERROR ]  塔
2017-06-17 20:20:57  [ Thread-27:308947 ] - [ ERROR ]  右
2017-06-17 20:20:57  [ Thread-27:308947 ] - [ ERROR ]  里
2017-06-17 20:20:57  [ Thread-27:308947 ] - [ ERROR ]  加
2017-06-17 20:20:57  [ Thread-27:308947 ] - [ ERROR ]  板
2017-06-17 20:20:57  [ Thread-27:308947 ] - [ ERROR ]  公
2017-06-17 20:20:57  [ Thread-27:308947 ] - [ ERROR ]  寓
2017-06-17 20:20:57  [ Thread-27:308947 ] - [ ERROR ]  层
2017-06-17 20:20:57  [ Thread-27:308947 ] - [ ERROR ]  门
2017-06-17 20:20:57  [ Thread-27:308947 ] - [ ERROR ]  鹏
2017-06-17 20:20:57  [ Thread-27:308948 ] - [ ERROR ]  润
2017-06-17 20:20:57  [ Thread-27:308948 ] - [ ERROR ]  雅
2017-06-17 20:20:57  [ Thread-27:308948 ] - [ ERROR ]  苑
2017-06-17 20:20:57  [ Thread-27:308948 ] - [ ERROR ]  文
2017-06-17 20:20:57  [ Thread-27:308948 ] - [ ERROR ]  北
2017-06-17 20:20:57  [ Thread-27:308948 ] - [ ERROR ]  南
2017-06-17 20:20:57  [ Thread-27:308948 ] - [ ERROR ]   
2017-06-17 20:20:57  [ Thread-27:308948 ] - [ ERROR ]  旧
2017-06-17 20:20:57  [ Thread-27:308948 ] - [ ERROR ]  综
2017-06-17 20:20:57  [ Thread-27:308949 ] - [ ERROR ]  合
2017-06-17 20:20:57  [ Thread-27:308949 ] - [ ERROR ]  栋
2017-06-17 20:20:57  [ Thread-27:308949 ] - [ ERROR ]  /
2017-06-17 20:20:57  [ Thread-27:308949 ] - [ ERROR ]  医
2017-06-17 20:20:57  [ Thread-27:308949 ] - [ ERROR ]  师
2017-06-17 20:20:57  [ Thread-27:308949 ] - [ ERROR ]  新
2017-06-17 20:20:57  [ Thread-27:308949 ] - [ ERROR ]  排
2017-06-17 20:20:57  [ Thread-27:308949 ] - [ ERROR ]  平
2017-06-17 20:20:57  [ Thread-27:308949 ] - [ ERROR ]  方
2017-06-17 20:20:57  [ Thread-27:308950 ] - [ ERROR ]  中
2017-06-17 20:20:57  [ Thread-27:308950 ] - [ ERROR ]  别
2017-06-17 20:20:57  [ Thread-27:308950 ] - [ ERROR ]  墅
2017-06-17 20:20:57  [ Thread-27:308950 ] - [ ERROR ]  房
2017-06-17 20:20:57  [ Thread-27:308950 ] - [ ERROR ]  巴
2017-06-17 20:20:57  [ Thread-27:308950 ] - [ ERROR ]  威
2017-06-17 20:20:57  [ Thread-27:308950 ] - [ ERROR ]  司
2017-06-17 20:20:57  [ Thread-27:308950 ] - [ ERROR ]  宿
2017-06-17 20:20:57  [ Thread-27:308950 ] - [ ERROR ]  舍
2017-06-17 20:20:57  [ Thread-27:308951 ] - [ ERROR ]  条
2017-06-17 20:20:57  [ Thread-27:308951 ] - [ ERROR ]  祥
2017-06-17 20:20:57  [ Thread-27:308951 ] - [ ERROR ]  路
2017-06-17 20:20:57  [ Thread-27:308951 ] - [ ERROR ]  调
2017-06-17 20:20:57  [ Thread-27:308951 ] - [ ERROR ]  压
2017-06-17 20:20:57  [ Thread-27:308951 ] - [ ERROR ]  箱
2017-06-17 20:20:57  [ Thread-27:308951 ] - [ ERROR ]  底
2017-06-17 20:20:57  [ Thread-27:308951 ] - [ ERROR ]  商
2017-06-17 20:20:57  [ Thread-27:308951 ] - [ ERROR ]  资
2017-06-17 20:20:57  [ Thread-27:308952 ] - [ ERROR ]  料
2017-06-17 20:20:57  [ Thread-27:308952 ] - [ ERROR ]  仓
2017-06-17 20:20:57  [ Thread-27:308952 ] - [ ERROR ]  库
2017-06-17 20:20:57  [ Thread-27:308952 ] - [ ERROR ]  居
2017-06-17 20:20:57  [ Thread-27:308952 ] - [ ERROR ]  委
2017-06-17 20:20:57  [ Thread-27:308952 ] - [ ERROR ]  会
2017-06-17 20:20:57  [ Thread-27:308952 ] - [ ERROR ]  ・
2017-06-17 20:20:57  [ Thread-27:308952 ] - [ ERROR ]  区
2017-06-17 20:20:57  [ Thread-27:308952 ] - [ ERROR ]  月
2017-06-17 20:20:57  [ Thread-27:308952 ] - [ ERROR ]  (
2017-06-17 20:20:57  [ Thread-27:308953 ] - [ ERROR ]  )
2017-06-17 20:20:57  [ Thread-27:308953 ] - [ ERROR ]  真
2017-06-17 20:20:57  [ Thread-27:308953 ] - [ ERROR ]  无
2017-06-17 20:20:57  [ Thread-27:308953 ] - [ ERROR ]  实
2017-06-17 20:20:57  [ Thread-27:308953 ] - [ ERROR ]  际
2017-06-17 20:20:57  [ Thread-27:308953 ] - [ ERROR ]  此
2017-06-17 20:20:57  [ Thread-27:308953 ] - [ ERROR ]  豪
2017-06-17 20:20:57  [ Thread-27:308953 ] - [ ERROR ]  静
2017-06-17 20:20:57  [ Thread-27:308953 ] - [ ERROR ]  食
2017-06-17 20:20:57  [ Thread-27:308953 ] - [ ERROR ]  堂
2017-06-17 20:20:57  [ Thread-27:308954 ] - [ ERROR ]  富
2017-06-17 20:20:57  [ Thread-27:308954 ] - [ ERROR ]  丰
2017-06-17 20:20:57  [ Thread-27:308954 ] - [ ERROR ]  不
2017-06-17 20:20:57  [ Thread-27:308954 ] - [ ERROR ]  用
2017-06-17 20:20:57  [ Thread-27:308954 ] - [ ERROR ]  气
2017-06-17 20:20:57  [ Thread-27:308954 ] - [ ERROR ]  农
2017-06-17 20:20:57  [ Thread-27:308954 ] - [ ERROR ]  银
2017-06-17 20:20:57  [ Thread-27:308954 ] - [ ERROR ]  行
2017-06-17 20:20:57  [ Thread-27:308954 ] - [ ERROR ]  士
2017-06-17 20:20:57  [ Thread-27:308955 ] - [ ERROR ]  官
2017-06-17 20:20:57  [ Thread-27:308955 ] - [ ERROR ]  流
2017-06-17 20:20:57  [ Thread-27:308955 ] - [ ERROR ]  虹
2017-06-17 20:20:57  [ Thread-27:308955 ] - [ ERROR ]  玉
2017-06-17 20:20:57  [ Thread-27:308955 ] - [ ERROR ]  泉
2017-06-17 20:20:57  [ Thread-27:308955 ] - [ ERROR ]  风
2017-06-17 20:20:57  [ Thread-27:308955 ] - [ ERROR ]  荷
2017-06-17 20:20:57  [ Thread-27:308955 ] - [ ERROR ]  桂
2017-06-17 20:20:57  [ Thread-27:308955 ] - [ ERROR ]  雨
2017-06-17 20:20:57  [ Thread-27:308955 ] - [ ERROR ]  梦
2017-06-17 20:20:57  [ Thread-27:308956 ] - [ ERROR ]  屏
2017-06-17 20:20:57  [ Thread-27:308956 ] - [ ERROR ]  栖
2017-06-17 20:20:57  [ Thread-27:308956 ] - [ ERROR ]  霞
2017-06-17 20:20:57  [ Thread-27:308956 ] - [ ERROR ]  春
2017-06-17 20:20:57  [ Thread-27:308956 ] - [ ERROR ]  晓
2017-06-17 20:20:57  [ Thread-27:308956 ] - [ ERROR ]  秋
2017-06-17 20:20:57  [ Thread-27:308956 ] - [ ERROR ]  天
2017-06-17 20:20:57  [ Thread-27:308956 ] - [ ERROR ]  云
2017-06-17 20:20:57  [ Thread-27:308956 ] - [ ERROR ]  左
2017-06-17 20:20:57  [ Thread-27:308956 ] - [ ERROR ]  边
2017-06-17 20:20:57  [ Thread-27:308957 ] - [ ERROR ]  办
2017-06-17 20:20:57  [ Thread-27:308957 ] - [ ERROR ]  住
2017-06-17 20:20:57  [ Thread-27:308957 ] - [ ERROR ]  宅
2017-06-17 20:20:57  [ Thread-27:308957 ] - [ ERROR ]  _
2017-06-17 20:20:57  [ Thread-27:308957 ] - [ ERROR ]  周
2017-06-17 20:20:57  [ Thread-27:308957 ] - [ ERROR ]  转
2017-06-17 20:20:57  [ Thread-27:308957 ] - [ ERROR ]  高
2017-06-17 20:20:57  [ Thread-27:308957 ] - [ ERROR ]  期
2017-06-17 20:20:57  [ Thread-27:308957 ] - [ ERROR ]  戊
2017-06-17 20:20:57  [ Thread-27:308958 ] - [ ERROR ]  己
2017-06-17 20:20:57  [ Thread-27:308958 ] - [ ERROR ]  红
2017-06-17 20:20:57  [ Thread-27:308958 ] - [ ERROR ]  星
2017-06-17 20:20:57  [ Thread-27:308958 ] - [ ERROR ]  庚
2017-06-17 20:20:57  [ Thread-27:308958 ] - [ ERROR ]  梅
2017-06-17 20:20:57  [ Thread-27:308958 ] - [ ERROR ]  源
2017-06-17 20:20:57  [ Thread-27:308958 ] - [ ERROR ]  菊
2017-06-17 20:20:57  [ Thread-27:308958 ] - [ ERROR ]  －
2017-06-17 20:20:57  [ Thread-27:308958 ] - [ ERROR ]  直
2017-06-17 20:20:57  [ Thread-27:308959 ] - [ ERROR ]  壬
2017-06-17 20:20:57  [ Thread-27:308959 ] - [ ERROR ]  １
2017-06-17 20:20:57  [ Thread-27:308959 ] - [ ERROR ]  ２
2017-06-17 20:20:57  [ Thread-27:308959 ] - [ ERROR ]  ３
2017-06-17 20:20:57  [ Thread-27:308959 ] - [ ERROR ]  明
2017-06-17 20:20:57  [ Thread-27:308959 ] - [ ERROR ]  叠
2017-06-17 20:20:57  [ Thread-27:308959 ] - [ ERROR ]  翠
2017-06-17 20:20:57  [ Thread-27:308959 ] - [ ERROR ]  已
2017-06-17 20:20:57  [ Thread-27:308959 ] - [ ERROR ]  所
2017-06-17 20:20:57  [ Thread-27:308960 ] - [ ERROR ]  辛
2017-06-17 20:20:57  [ Thread-27:308960 ] - [ ERROR ]  活
2017-06-17 20:20:57  [ Thread-27:308960 ] - [ ERROR ]  动
2017-06-17 20:20:57  [ Thread-27:308960 ] - [ ERROR ]  站
2017-06-17 20:20:57  [ Thread-27:308960 ] - [ ERROR ]  *
2017-06-17 20:20:57  [ Thread-27:308960 ] - [ ERROR ]  时
2017-06-17 20:20:57  [ Thread-27:308960 ] - [ ERROR ]  尚
2017-06-17 20:20:57  [ Thread-27:308960 ] - [ ERROR ]  家
2017-06-17 20:20:57  [ Thread-27:308960 ] - [ ERROR ]  园
2017-06-17 20:20:57  [ Thread-27:308960 ] - [ ERROR ]  招
2017-06-17 20:20:57  [ Thread-27:308961 ] - [ ERROR ]  待
2017-06-17 20:20:57  [ Thread-27:308961 ] - [ ERROR ]  低
2017-06-17 20:20:57  [ Thread-27:308961 ] - [ ERROR ]  卫
2017-06-17 20:20:57  [ Thread-27:308961 ] - [ ERROR ]  场
2017-06-17 20:20:57  [ Thread-27:308961 ] - [ ERROR ]  前
2017-06-17 20:20:57  [ Thread-27:308961 ] - [ ERROR ]  后
2017-06-17 20:20:57  [ Thread-27:308961 ] - [ ERROR ]  传
2017-06-17 20:20:57  [ Thread-27:308961 ] - [ ERROR ]  达
2017-06-17 20:20:57  [ Thread-27:308961 ] - [ ERROR ]  顺
2017-06-17 20:20:57  [ Thread-27:308961 ] - [ ERROR ]  横
2017-06-17 20:20:57  [ Thread-27:308961 ] - [ ERROR ]  街
2017-06-17 20:20:57  [ Thread-27:308962 ] - [ ERROR ]  巷
2017-06-17 20:20:57  [ Thread-27:308962 ] - [ ERROR ]  升
2017-06-17 20:20:57  [ Thread-27:308962 ] - [ ERROR ]  康
2017-06-17 20:20:57  [ Thread-27:308962 ] - [ ERROR ]  庆
2017-06-17 20:20:57  [ Thread-27:308962 ] - [ ERROR ]  内
2017-06-17 20:20:57  [ Thread-27:308962 ] - [ ERROR ]  都
2017-06-17 20:20:57  [ Thread-27:308962 ] - [ ERROR ]  有
2017-06-17 20:20:57  [ Thread-27:308962 ] - [ ERROR ]  生
2017-06-17 20:20:57  [ Thread-27:308962 ] - [ ERROR ]  产
2017-06-17 20:20:57  [ Thread-27:308962 ] - [ ERROR ]  基
2017-06-17 20:20:57  [ Thread-27:308962 ] - [ ERROR ]  ―
2017-06-17 20:20:57  [ Thread-27:308963 ] - [ ERROR ]  癸
2017-06-17 20:20:57  [ Thread-27:308963 ] - [ ERROR ]  厄
2017-06-17 20:20:57  [ Thread-27:308963 ] - [ ERROR ]  潞
2017-06-17 20:20:57  [ Thread-27:308963 ] - [ ERROR ]  大
2017-06-17 20:20:57  [ Thread-27:308963 ] - [ ERROR ]  霁
2017-06-17 20:20:57  [ Thread-27:308963 ] - [ ERROR ]  雪
2017-06-17 20:20:57  [ Thread-27:308963 ] - [ ERROR ]  水
2017-06-17 20:20:57  [ Thread-27:308963 ] - [ ERROR ]  务
2017-06-17 20:20:57  [ Thread-27:308963 ] - [ ERROR ]  局
2017-06-17 20:20:57  [ Thread-27:308963 ] - [ ERROR ]  属
